Program initialization:
	Database name:	library
	Table name:	book


h_main: 38
w_main: 146
y_main: 3
x_main: 11

h_insert: 22
w_insert: 84
y_insert: 11
x_insert: 42

Curt's Library Manager; an easy to use personal library management system.
Copyright (C) 2020  Preston Bridgers

This program is free software: you can redistribute it and/or modify
it under the terms of the GNU General Public License as published by
the Free Software Foundation, either version 3 of the License, or
(at your option) any later version.

This program is distributed in the hope that it will be useful,
but WITHOUT ANY WARRANTY; without even the implied warranty of
MERCHANTABILITY or FITNESS FOR A PARTICULAR PURPOSE.  See the
GNU General Public License for more details.

You should have received a copy of the GNU General Public License
along with this program.  If not, see <http://www.gnu.org/licenses/>.
